<?xml version="1.0" encoding="UTF-8"?>
<testsuite xmlns:xsi="http://www.w3.org/2001/XMLSchema-instance" xsi:noNamespaceSchemaLocation="https://maven.apache.org/surefire/maven-surefire-plugin/xsd/surefire-test-report.xsd" name="CheckNameToEmbossTest" time="0.802" tests="11" errors="0" skipped="0" failures="0">
  <properties>
[...]
</properties>
  <testcase name="checkValidNameTest[0]" classname="CheckNameToEmbossTest" time="0.484"/>
  <testcase name="checkValidNameTest[1]" classname="CheckNameToEmbossTest" time="0.004"/>
  <testcase name="checkValidNameTest[2]" classname="CheckNameToEmbossTest" time="0.003"/>
  <testcase name="checkValidNameTest[3]" classname="CheckNameToEmbossTest" time="0.004"/>
  <testcase name="checkValidNameTest[4]" classname="CheckNameToEmbossTest" time="0.002"/>
  <testcase name="checkValidNameTest[5]" classname="CheckNameToEmbossTest" time="0.004"/>
  <testcase name="checkValidNameTest[6]" classname="CheckNameToEmbossTest" time="0.004"/>
  <testcase name="checkValidNameTest[7]" classname="CheckNameToEmbossTest" time="0.004"/>
  <testcase name="checkValidNameTest[8]" classname="CheckNameToEmbossTest" time="0.002"/>
  <testcase name="checkValidNameTest[9]" classname="CheckNameToEmbossTest" time="0.002"/>
  <testcase name="checkValidNameTest[10]" classname="CheckNameToEmbossTest" time="0.001"/>
</testsuite>